2026-07-22 14:36:18 | INFO     | ======================================================================
2026-07-22 14:36:18 | INFO     | FasalBima Pramaan - Crop Damage Classifier - Training started
2026-07-22 14:36:18 | INFO     | ======================================================================
2026-07-22 14:36:18 | INFO     | Using device: CPU (0 GPU(s) found)
2026-07-22 14:36:18 | INFO     | Detected classes (index order): ['drought', 'flood', 'healthy', 'pest']
2026-07-22 14:36:18 | INFO     | Saved class names to C:\Users\DELL\Desktop\FaisalBheema\fasalbima-pramaan\ml\outputs\checkpoints\class_names.json
2026-07-22 14:36:19 | INFO     | Computed class weights: {0: 1.2173913043478262, 1: 1.0769230769230769, 2: 0.9333333333333333, 3: 0.8484848484848485}
2026-07-22 14:36:27 | INFO     | Backbone: EfficientNetB0 (weights=imagenet, frozen_base=True)
2026-07-22 14:36:27 | INFO     | Model: "fasalbima_efficientnetb0"
┏━━━━━━━━━━━━━━━━━━━━━━━━━━━━━━━━━━━━━━┳━━━━━━━━━━━━━━━━━━━━━━━━━━━━━┳━━━━━━━━━━━━━━━━━┓
┃ Layer (type)                         ┃ Output Shape                ┃         Param # ┃
┡━━━━━━━━━━━━━━━━━━━━━━━━━━━━━━━━━━━━━━╇━━━━━━━━━━━━━━━━━━━━━━━━━━━━━╇━━━━━━━━━━━━━━━━━┩
│ input_layer_1 (InputLayer)           │ (None, 224, 224, 3)         │               0 │
├──────────────────────────────────────┼─────────────────────────────┼─────────────────┤
│ efficientnetb0 (Functional)          │ (None, 7, 7, 1280)          │       4,049,571 │
├──────────────────────────────────────┼─────────────────────────────┼─────────────────┤
│ global_average_pooling2d             │ (None, 1280)                │               0 │
│ (GlobalAveragePooling2D)             │                             │                 │
├──────────────────────────────────────┼─────────────────────────────┼─────────────────┤
│ dropout (Dropout)                    │ (None, 1280)                │               0 │
├──────────────────────────────────────┼─────────────────────────────┼─────────────────┤
│ dense (Dense)                        │ (None, 256)                 │         327,936 │
├──────────────────────────────────────┼─────────────────────────────┼─────────────────┤
│ dropout_1 (Dropout)                  │ (None, 256)                 │               0 │
├──────────────────────────────────────┼─────────────────────────────┼─────────────────┤
│ dense_1 (Dense)                      │ (None, 4)                   │           1,028 │
└──────────────────────────────────────┴─────────────────────────────┴─────────────────┘
 Total params: 4,378,535 (16.70 MB)
 Trainable params: 328,964 (1.25 MB)
 Non-trainable params: 4,049,571 (15.45 MB)

2026-07-22 14:37:59 | INFO     | Phase 1 (frozen backbone) complete in 1.5 minutes.
2026-07-22 14:37:59 | INFO     | Phase 1 best val_loss: 1.3846
2026-07-22 14:38:01 | INFO     | Fine-tuning: unfroze top 25 of 238 backbone layers (BatchNormalization layers kept frozen -- 49 affected).
2026-07-22 14:38:56 | INFO     | Phase 2 (fine-tuning) complete in 0.9 minutes.
2026-07-22 14:38:56 | INFO     | Phase 2 best val_loss: 1.3838 (overall best kept at C:\Users\DELL\Desktop\FaisalBheema\fasalbima-pramaan\ml\outputs\checkpoints\best_model.keras)
2026-07-22 14:39:08 | INFO     | Classification report:
                precision    recall  f1-score   support

Drought Stress      0.000     0.000     0.000         6
  Flood Damage      0.250     1.000     0.400         7
       Healthy      0.000     0.000     0.000         7
   Pest Attack      0.000     0.000     0.000         8

      accuracy                          0.250        28
     macro avg      0.062     0.250     0.100        28
  weighted avg      0.062     0.250     0.100        28

2026-07-22 14:39:10 | INFO     | Saved evaluation artifacts to C:\Users\DELL\Desktop\FaisalBheema\fasalbima-pramaan\ml\outputs\evaluation (confusion_matrix.png, classification_report.txt/.json)
2026-07-22 14:39:10 | INFO     | Saved labels.json to C:\Users\DELL\Desktop\FaisalBheema\fasalbima-pramaan\ml\outputs\checkpoints\labels.json: {'0': 'Drought Stress', '1': 'Flood Damage', '2': 'Healthy', '3': 'Pest Attack'}
2026-07-22 14:39:33 | INFO     | Exported TensorFlow SavedModel to C:\Users\DELL\Desktop\FaisalBheema\fasalbima-pramaan\ml\outputs\saved_model
2026-07-22 15:38:50 | INFO     | ======================================================================
2026-07-22 15:38:50 | INFO     | FasalBima Pramaan - Crop Damage Classifier - Training started
2026-07-22 15:38:50 | INFO     | ======================================================================
2026-07-22 15:38:50 | INFO     | Using device: CPU (0 GPU(s) found)
2026-07-22 15:38:50 | INFO     | Detected classes (index order): ['drought', 'flood', 'healthy', 'pest']
2026-07-22 15:38:50 | INFO     | Saved class names to C:\Users\DELL\Desktop\FaisalBheema\fasalbima-pramaan\ml\outputs\checkpoints\class_names.json
2026-07-22 15:38:50 | INFO     | Computed class weights: {0: 1.0740740740740742, 1: 1.1153846153846154, 2: 0.9666666666666667, 3: 0.8787878787878788}
2026-07-22 15:38:53 | INFO     | Backbone: EfficientNetB0 (weights=imagenet, frozen_base=True)
2026-07-22 15:38:53 | INFO     | Model: "fasalbima_efficientnetb0"
┏━━━━━━━━━━━━━━━━━━━━━━━━━━━━━━━━━━━━━━┳━━━━━━━━━━━━━━━━━━━━━━━━━━━━━┳━━━━━━━━━━━━━━━━━┓
┃ Layer (type)                         ┃ Output Shape                ┃         Param # ┃
┡━━━━━━━━━━━━━━━━━━━━━━━━━━━━━━━━━━━━━━╇━━━━━━━━━━━━━━━━━━━━━━━━━━━━━╇━━━━━━━━━━━━━━━━━┩
│ input_layer_1 (InputLayer)           │ (None, 224, 224, 3)         │               0 │
├──────────────────────────────────────┼─────────────────────────────┼─────────────────┤
│ efficientnetb0 (Functional)          │ (None, 7, 7, 1280)          │       4,049,571 │
├──────────────────────────────────────┼─────────────────────────────┼─────────────────┤
│ global_average_pooling2d             │ (None, 1280)                │               0 │
│ (GlobalAveragePooling2D)             │                             │                 │
├──────────────────────────────────────┼─────────────────────────────┼─────────────────┤
│ dropout (Dropout)                    │ (None, 1280)                │               0 │
├──────────────────────────────────────┼─────────────────────────────┼─────────────────┤
│ dense (Dense)                        │ (None, 256)                 │         327,936 │
├──────────────────────────────────────┼─────────────────────────────┼─────────────────┤
│ dropout_1 (Dropout)                  │ (None, 256)                 │               0 │
├──────────────────────────────────────┼─────────────────────────────┼─────────────────┤
│ dense_1 (Dense)                      │ (None, 4)                   │           1,028 │
└──────────────────────────────────────┴─────────────────────────────┴─────────────────┘
 Total params: 4,378,535 (16.70 MB)
 Trainable params: 328,964 (1.25 MB)
 Non-trainable params: 4,049,571 (15.45 MB)

2026-07-22 15:42:31 | INFO     | Phase 1 (frozen backbone) complete in 3.6 minutes.
2026-07-22 15:42:31 | INFO     | Phase 1 best val_loss: 0.2504
2026-07-22 15:42:33 | INFO     | Fine-tuning: unfroze top 25 of 238 backbone layers (BatchNormalization layers kept frozen -- 49 affected).
2026-07-22 15:43:34 | INFO     | Phase 2 (fine-tuning) complete in 1.0 minutes.
2026-07-22 15:43:34 | INFO     | Phase 2 best val_loss: 0.2133 (overall best kept at C:\Users\DELL\Desktop\FaisalBheema\fasalbima-pramaan\ml\outputs\checkpoints\best_model.keras)
2026-07-22 15:43:45 | INFO     | Classification report:
                precision    recall  f1-score   support

Drought Stress      1.000     0.833     0.909         6
  Flood Damage      1.000     0.857     0.923         7
       Healthy      0.778     1.000     0.875         7
   Pest Attack      1.000     1.000     1.000         8

      accuracy                          0.929        28
     macro avg      0.944     0.923     0.927        28
  weighted avg      0.944     0.929     0.930        28

2026-07-22 15:43:46 | INFO     | Saved evaluation artifacts to C:\Users\DELL\Desktop\FaisalBheema\fasalbima-pramaan\ml\outputs\evaluation (confusion_matrix.png, classification_report.txt/.json)
2026-07-22 15:43:46 | INFO     | Saved labels.json to C:\Users\DELL\Desktop\FaisalBheema\fasalbima-pramaan\ml\outputs\checkpoints\labels.json: {'0': 'Drought Stress', '1': 'Flood Damage', '2': 'Healthy', '3': 'Pest Attack'}
2026-07-22 15:44:07 | INFO     | Exported TensorFlow SavedModel to C:\Users\DELL\Desktop\FaisalBheema\fasalbima-pramaan\ml\outputs\saved_model
